1611247304118|17|statement|connection 0|url jdbc:p6spy:mysql://localhost:3306/model?allowMultiQueries=true&useUnicode=true&characterEncoding=UTF-8&useSSL=false|select * from cd_users limit 10|select * from cd_users limit 10
1611248545210|10|statement|connection 0|url jdbc:p6spy:mysql://localhost:3306/model?allowMultiQueries=true&useUnicode=true&characterEncoding=UTF-8&useSSL=false|select * from `user`|select * from `user`
1611248672705|0|statement|connection 0|url jdbc:p6spy:mysql://localhost:3306/model?allowMultiQueries=true&useUnicode=true&characterEncoding=UTF-8&useSSL=false|select * from `user`|select * from `user`
1611248738111|4|statement|connection 0|url jdbc:p6spy:mysql://localhost:3306/model?allowMultiQueries=true&useUnicode=true&characterEncoding=UTF-8&useSSL=false|select * from `user`|select * from `user`
1611248881368|4|statement|connection 0|url jdbc:p6spy:mysql://localhost:3306/model?allowMultiQueries=true&useUnicode=true&characterEncoding=UTF-8&useSSL=false|select * from `user`|select * from `user`
1611248899212|0|statement|connection 0|url jdbc:p6spy:mysql://localhost:3306/model?allowMultiQueries=true&useUnicode=true&characterEncoding=UTF-8&useSSL=false|select * from `user`|select * from `user`
1611249073373|6|statement|connection 0|url jdbc:p6spy:mysql://localhost:3306/model?allowMultiQueries=true&useUnicode=true&characterEncoding=UTF-8&useSSL=false|select * from `user`|select * from `user`
1611249189446|4|statement|connection 0|url jdbc:p6spy:mysql://localhost:3306/model?allowMultiQueries=true&useUnicode=true&characterEncoding=UTF-8&useSSL=false|select * from `user`|select * from `user`
1611299238838|19|statement|connection 0|url jdbc:p6spy:mysql://localhost:3306/model?allowMultiQueries=true&useUnicode=true&characterEncoding=UTF-8&useSSL=false|select * from `user`|select * from `user`
1611299317183|1|statement|connection 0|url jdbc:p6spy:mysql://localhost:3306/model?allowMultiQueries=true&useUnicode=true&characterEncoding=UTF-8&useSSL=false|select * from `user`|select * from `user`
1611299534839|5|statement|connection 0|url jdbc:p6spy:mysql://localhost:3306/model?allowMultiQueries=true&useUnicode=true&characterEncoding=UTF-8&useSSL=false|select * from `user`|select * from `user`
1611299758779|6|statement|connection 0|url jdbc:p6spy:mysql://localhost:3306/model?allowMultiQueries=true&useUnicode=true&characterEncoding=UTF-8&useSSL=false|select * from `user`|select * from `user`
1611299853803|0|statement|connection 0|url jdbc:p6spy:mysql://localhost:3306/model?allowMultiQueries=true&useUnicode=true&characterEncoding=UTF-8&useSSL=false|select * from `user`|select * from `user`
1611299875961|4|statement|connection 0|url jdbc:p6spy:mysql://localhost:3306/model?allowMultiQueries=true&useUnicode=true&characterEncoding=UTF-8&useSSL=false|select * from `user`|select * from `user`
1611300488030|17|statement|connection 0|url jdbc:p6spy:mysql://localhost:3306/model?allowMultiQueries=true&useUnicode=true&characterEncoding=UTF-8&useSSL=false|SELECT COUNT(1) FROM `user`|SELECT COUNT(1) FROM `user`
1611300488039|0|statement|connection 0|url jdbc:p6spy:mysql://localhost:3306/model?allowMultiQueries=true&useUnicode=true&characterEncoding=UTF-8&useSSL=false|select * from `user` LIMIT ?|select * from `user` LIMIT 10
1611300649954|12|statement|connection 0|url jdbc:p6spy:mysql://localhost:3306/model?allowMultiQueries=true&useUnicode=true&characterEncoding=UTF-8&useSSL=false|SELECT COUNT(1) FROM `user`|SELECT COUNT(1) FROM `user`
1611300649962|0|statement|connection 0|url jdbc:p6spy:mysql://localhost:3306/model?allowMultiQueries=true&useUnicode=true&characterEncoding=UTF-8&useSSL=false|select * from `user` LIMIT ?|select * from `user` LIMIT 10
1611300716998|6|statement|connection 0|url jdbc:p6spy:mysql://localhost:3306/model?allowMultiQueries=true&useUnicode=true&characterEncoding=UTF-8&useSSL=false|SELECT COUNT(1) FROM `user`|SELECT COUNT(1) FROM `user`
1611300717005|0|statement|connection 0|url jdbc:p6spy:mysql://localhost:3306/model?allowMultiQueries=true&useUnicode=true&characterEncoding=UTF-8&useSSL=false|select * from `user` LIMIT ?|select * from `user` LIMIT 2
1611303789841|6|statement|connection 0|url jdbc:p6spy:mysql://localhost:3306/model?allowMultiQueries=true&useUnicode=true&characterEncoding=UTF-8&useSSL=false|UPDATE user SET is_delete=1 WHERE id=?  AND is_delete=0|UPDATE user SET is_delete=1 WHERE id='10'  AND is_delete=0
1611303862842|3|statement|connection 0|url jdbc:p6spy:mysql://localhost:3306/model?allowMultiQueries=true&useUnicode=true&characterEncoding=UTF-8&useSSL=false|UPDATE user SET is_delete=1 WHERE id=?  AND is_delete=0|UPDATE user SET is_delete=1 WHERE id='10'  AND is_delete=0
1611313761889|6|statement|connection 0|url jdbc:p6spy:mysql://localhost:3306/model?allowMultiQueries=true&useUnicode=true&characterEncoding=UTF-8&useSSL=false|SELECT id,datasource_name,main_type,datasource_type,`describe`,driver,url,username,`password`,`schema`,operator,create_time,modify_time FROM datasource_manage WHERE id=? |SELECT id,datasource_name,main_type,datasource_type,`describe`,driver,url,username,`password`,`schema`,operator,create_time,modify_time FROM datasource_manage WHERE id='1' 
1611313945262|4|statement|connection 0|url jdbc:p6spy:mysql://localhost:3306/model?allowMultiQueries=true&useUnicode=true&characterEncoding=UTF-8&useSSL=false|SELECT id,datasource_name,main_type,datasource_type,`describe`,driver,url,username,`password`,`schema`,operator,create_time,modify_time FROM datasource_manage WHERE id=? |SELECT id,datasource_name,main_type,datasource_type,`describe`,driver,url,username,`password`,`schema`,operator,create_time,modify_time FROM datasource_manage WHERE id='1' 
1611313973539|1|statement|connection 0|url jdbc:p6spy:mysql://localhost:3306/model?allowMultiQueries=true&useUnicode=true&characterEncoding=UTF-8&useSSL=false|SELECT id,datasource_name,main_type,datasource_type,`describe`,driver,url,username,`password`,`schema`,operator,create_time,modify_time FROM datasource_manage WHERE id=? |SELECT id,datasource_name,main_type,datasource_type,`describe`,driver,url,username,`password`,`schema`,operator,create_time,modify_time FROM datasource_manage WHERE id='1' 
1611823817534|5|statement|connection 0|url jdbc:p6spy:mysql://localhost:3306/model?allowMultiQueries=true&useUnicode=true&characterEncoding=UTF-8&useSSL=false|SELECT id,datasource_name,main_type,datasource_type,`describe`,driver,url,username,`password`,`schema`,operator,create_time,modify_time FROM datasource_manage WHERE id=? |SELECT id,datasource_name,main_type,datasource_type,`describe`,driver,url,username,`password`,`schema`,operator,create_time,modify_time FROM datasource_manage WHERE id='11' 
1611823913721|4|statement|connection 0|url jdbc:p6spy:mysql://localhost:3306/model?allowMultiQueries=true&useUnicode=true&characterEncoding=UTF-8&useSSL=false|SELECT id,datasource_name,main_type,datasource_type,`describe`,driver,url,username,`password`,`schema`,operator,create_time,modify_time FROM datasource_manage WHERE id=? |SELECT id,datasource_name,main_type,datasource_type,`describe`,driver,url,username,`password`,`schema`,operator,create_time,modify_time FROM datasource_manage WHERE id='1' 
1611896535687|4|statement|connection 1|url jdbc:p6spy:mysql://localhost:3306/model?allowMultiQueries=true&useUnicode=true&characterEncoding=UTF-8&useSSL=false|SELECT id,datasource_name,main_type,datasource_type,`describe`,driver,url,username,`password`,`schema`,operator,create_time,modify_time FROM datasource_manage WHERE id=? |SELECT id,datasource_name,main_type,datasource_type,`describe`,driver,url,username,`password`,`schema`,operator,create_time,modify_time FROM datasource_manage WHERE id='1' 
1612235856655|5|statement|connection 0|url jdbc:p6spy:mysql://localhost:3306/model?allowMultiQueries=true&useUnicode=true&characterEncoding=UTF-8&useSSL=false|SELECT id,datasource_name,main_type,datasource_type,`describe`,driver,url,username,`password`,`schema`,operator,create_time,modify_time FROM datasource_manage WHERE id=? |SELECT id,datasource_name,main_type,datasource_type,`describe`,driver,url,username,`password`,`schema`,operator,create_time,modify_time FROM datasource_manage WHERE id='1' 
1612246309925|2|statement|connection 1|url jdbc:p6spy:mysql://localhost:3306/model?allowMultiQueries=true&useUnicode=true&characterEncoding=UTF-8&useSSL=false|SELECT id,datasource_name,main_type,datasource_type,`describe`,driver,url,username,`password`,`schema`,operator,create_time,modify_time FROM datasource_manage WHERE id=? |SELECT id,datasource_name,main_type,datasource_type,`describe`,driver,url,username,`password`,`schema`,operator,create_time,modify_time FROM datasource_manage WHERE id='1' 
1612246575315|1|statement|connection 1|url jdbc:p6spy:mysql://localhost:3306/model?allowMultiQueries=true&useUnicode=true&characterEncoding=UTF-8&useSSL=false|SELECT id,datasource_name,main_type,datasource_type,`describe`,driver,url,username,`password`,`schema`,operator,create_time,modify_time FROM datasource_manage WHERE id=? |SELECT id,datasource_name,main_type,datasource_type,`describe`,driver,url,username,`password`,`schema`,operator,create_time,modify_time FROM datasource_manage WHERE id='1' 
1612246620103|1|statement|connection 1|url jdbc:p6spy:mysql://localhost:3306/model?allowMultiQueries=true&useUnicode=true&characterEncoding=UTF-8&useSSL=false|SELECT id,datasource_name,main_type,datasource_type,`describe`,driver,url,username,`password`,`schema`,operator,create_time,modify_time FROM datasource_manage WHERE id=? |SELECT id,datasource_name,main_type,datasource_type,`describe`,driver,url,username,`password`,`schema`,operator,create_time,modify_time FROM datasource_manage WHERE id='1' 
1612531932761|52|statement|connection 0|url jdbc:p6spy:mysql://localhost:3306/model?allowMultiQueries=true&useUnicode=true&characterEncoding=UTF-8&useSSL=false|SELECT  id,name,age,gender,is_delete,version  FROM user   WHERE  is_delete=0|SELECT  id,name,age,gender,is_delete,version  FROM user   WHERE  is_delete=0
1612531968255|0|statement|connection 0|url jdbc:p6spy:mysql://localhost:3306/model?allowMultiQueries=true&useUnicode=true&characterEncoding=UTF-8&useSSL=false|SELECT  id,name,age,gender,is_delete,version  FROM user   WHERE  is_delete=0|SELECT  id,name,age,gender,is_delete,version  FROM user   WHERE  is_delete=0
1612532015275|0|statement|connection 0|url jdbc:p6spy:mysql://localhost:3306/model?allowMultiQueries=true&useUnicode=true&characterEncoding=UTF-8&useSSL=false|SELECT  id,name,age,gender,is_delete,version  FROM user   WHERE  is_delete=0|SELECT  id,name,age,gender,is_delete,version  FROM user   WHERE  is_delete=0
1612532176428|14|statement|connection 0|url jdbc:p6spy:mysql://localhost:3306/model?allowMultiQueries=true&useUnicode=true&characterEncoding=UTF-8&useSSL=false|SELECT COUNT(*) FROM `user` WHERE is_delete = 0|SELECT COUNT(*) FROM `user` WHERE is_delete = 0
1612532176438|0|statement|connection 0|url jdbc:p6spy:mysql://localhost:3306/model?allowMultiQueries=true&useUnicode=true&characterEncoding=UTF-8&useSSL=false|select * from `user` where is_delete = 0 LIMIT ?|select * from `user` where is_delete = 0 LIMIT 2
1612533468278|2|statement|connection 0|url jdbc:p6spy:mysql://localhost:3306/model?allowMultiQueries=true&useUnicode=true&characterEncoding=UTF-8&useSSL=false|SELECT COUNT(*) FROM `user` WHERE is_delete = 0|SELECT COUNT(*) FROM `user` WHERE is_delete = 0
1612533468282|1|statement|connection 0|url jdbc:p6spy:mysql://localhost:3306/model?allowMultiQueries=true&useUnicode=true&characterEncoding=UTF-8&useSSL=false|select * from `user` where is_delete = 0 LIMIT ?|select * from `user` where is_delete = 0 LIMIT 2
1612533533704|0|statement|connection 0|url jdbc:p6spy:mysql://localhost:3306/model?allowMultiQueries=true&useUnicode=true&characterEncoding=UTF-8&useSSL=false|SELECT COUNT(*) FROM `user` WHERE is_delete = 0|SELECT COUNT(*) FROM `user` WHERE is_delete = 0
1612533533720|0|statement|connection 0|url jdbc:p6spy:mysql://localhost:3306/model?allowMultiQueries=true&useUnicode=true&characterEncoding=UTF-8&useSSL=false|select * from `user` where is_delete = 0 LIMIT ?|select * from `user` where is_delete = 0 LIMIT 2
1612533556577|0|statement|connection 0|url jdbc:p6spy:mysql://localhost:3306/model?allowMultiQueries=true&useUnicode=true&characterEncoding=UTF-8&useSSL=false|SELECT COUNT(*) FROM `user` WHERE is_delete = 0|SELECT COUNT(*) FROM `user` WHERE is_delete = 0
1612533556579|0|statement|connection 0|url jdbc:p6spy:mysql://localhost:3306/model?allowMultiQueries=true&useUnicode=true&characterEncoding=UTF-8&useSSL=false|select * from `user` where is_delete = 0 LIMIT ?|select * from `user` where is_delete = 0 LIMIT 2
1612533586573|1|statement|connection 0|url jdbc:p6spy:mysql://localhost:3306/model?allowMultiQueries=true&useUnicode=true&characterEncoding=UTF-8&useSSL=false|SELECT COUNT(*) FROM `user` WHERE is_delete = 0|SELECT COUNT(*) FROM `user` WHERE is_delete = 0
1612533586575|0|statement|connection 0|url jdbc:p6spy:mysql://localhost:3306/model?allowMultiQueries=true&useUnicode=true&characterEncoding=UTF-8&useSSL=false|select * from `user` where is_delete = 0 LIMIT ?|select * from `user` where is_delete = 0 LIMIT 2
1612533593182|1|statement|connection 0|url jdbc:p6spy:mysql://localhost:3306/model?allowMultiQueries=true&useUnicode=true&characterEncoding=UTF-8&useSSL=false|SELECT COUNT(*) FROM `user` WHERE is_delete = 0|SELECT COUNT(*) FROM `user` WHERE is_delete = 0
1612533593185|0|statement|connection 0|url jdbc:p6spy:mysql://localhost:3306/model?allowMultiQueries=true&useUnicode=true&characterEncoding=UTF-8&useSSL=false|select * from `user` where is_delete = 0 LIMIT ?|select * from `user` where is_delete = 0 LIMIT 2
1612533602315|2|statement|connection 0|url jdbc:p6spy:mysql://localhost:3306/model?allowMultiQueries=true&useUnicode=true&characterEncoding=UTF-8&useSSL=false|SELECT COUNT(*) FROM `user` WHERE is_delete = 0|SELECT COUNT(*) FROM `user` WHERE is_delete = 0
1612533602317|0|statement|connection 0|url jdbc:p6spy:mysql://localhost:3306/model?allowMultiQueries=true&useUnicode=true&characterEncoding=UTF-8&useSSL=false|select * from `user` where is_delete = 0 LIMIT ?|select * from `user` where is_delete = 0 LIMIT 2
1612533619247|0|statement|connection 0|url jdbc:p6spy:mysql://localhost:3306/model?allowMultiQueries=true&useUnicode=true&characterEncoding=UTF-8&useSSL=false|SELECT COUNT(*) FROM `user` WHERE is_delete = 0|SELECT COUNT(*) FROM `user` WHERE is_delete = 0
1612533619251|1|statement|connection 0|url jdbc:p6spy:mysql://localhost:3306/model?allowMultiQueries=true&useUnicode=true&characterEncoding=UTF-8&useSSL=false|select * from `user` where is_delete = 0 LIMIT ?|select * from `user` where is_delete = 0 LIMIT 2
1612533627591|0|statement|connection 0|url jdbc:p6spy:mysql://localhost:3306/model?allowMultiQueries=true&useUnicode=true&characterEncoding=UTF-8&useSSL=false|SELECT COUNT(*) FROM `user` WHERE is_delete = 0|SELECT COUNT(*) FROM `user` WHERE is_delete = 0
1612533627593|0|statement|connection 0|url jdbc:p6spy:mysql://localhost:3306/model?allowMultiQueries=true&useUnicode=true&characterEncoding=UTF-8&useSSL=false|select * from `user` where is_delete = 0 LIMIT ?|select * from `user` where is_delete = 0 LIMIT 2
1612533635923|1|statement|connection 0|url jdbc:p6spy:mysql://localhost:3306/model?allowMultiQueries=true&useUnicode=true&characterEncoding=UTF-8&useSSL=false|SELECT COUNT(*) FROM `user` WHERE is_delete = 0|SELECT COUNT(*) FROM `user` WHERE is_delete = 0
1612533635926|1|statement|connection 0|url jdbc:p6spy:mysql://localhost:3306/model?allowMultiQueries=true&useUnicode=true&characterEncoding=UTF-8&useSSL=false|select * from `user` where is_delete = 0 LIMIT ?|select * from `user` where is_delete = 0 LIMIT 2
1612534168655|1|statement|connection 0|url jdbc:p6spy:mysql://localhost:3306/model?allowMultiQueries=true&useUnicode=true&characterEncoding=UTF-8&useSSL=false|SELECT COUNT(*) FROM `user` WHERE is_delete = 0|SELECT COUNT(*) FROM `user` WHERE is_delete = 0
1612534168659|0|statement|connection 0|url jdbc:p6spy:mysql://localhost:3306/model?allowMultiQueries=true&useUnicode=true&characterEncoding=UTF-8&useSSL=false|select * from `user` where is_delete = 0 LIMIT ?|select * from `user` where is_delete = 0 LIMIT 2
1613288800578|1255|statement|connection 0|url jdbc:p6spy:mysql://localhost:3306/model?allowMultiQueries=true&useUnicode=true&characterEncoding=UTF-8&useSSL=false|select * from `users` where username = ? and is_delete = 0|select * from `users` where username = 'admin' and is_delete = 0
1613288916402|0|statement|connection 0|url jdbc:p6spy:mysql://localhost:3306/model?allowMultiQueries=true&useUnicode=true&characterEncoding=UTF-8&useSSL=false|select * from `users` where username = ? and is_delete = 0|select * from `users` where username = 'admin' and is_delete = 0
1613288930372|53|statement|connection 0|url jdbc:p6spy:mysql://localhost:3306/model?allowMultiQueries=true&useUnicode=true&characterEncoding=UTF-8&useSSL=false|select * from `users` where username = ? and is_delete = 0|select * from `users` where username = 'admin' and is_delete = 0
1613289038747|1240|statement|connection 0|url jdbc:p6spy:mysql://localhost:3306/model?allowMultiQueries=true&useUnicode=true&characterEncoding=UTF-8&useSSL=false|select * from users where username = ? and is_delete = 0|select * from users where username = 'admin' and is_delete = 0
1613289139923|1226|statement|connection 0|url jdbc:p6spy:mysql://localhost:3306/model?allowMultiQueries=true&useUnicode=true&characterEncoding=UTF-8&useSSL=false|select * from users where username = ? and is_delete = 0|select * from users where username = 'admin' and is_delete = 0
1613289255626|1224|statement|connection 0|url jdbc:p6spy:mysql://localhost:3306/model?allowMultiQueries=true&useUnicode=true&characterEncoding=UTF-8&useSSL=false|select * from users where username = ? and is_delete = 0|select * from users where username = 'admin' and is_delete = 0
1614595626106|11|statement|connection 0|url jdbc:p6spy:mysql://localhost:3306/model?allowMultiQueries=true&useUnicode=true&characterEncoding=UTF-8&useSSL=false|INSERT INTO users  ( username, password, nickname, gender, role, title, create_time, modify_time, is_delete )  VALUES  ( ?, ?, ?, ?, ?, ?, ?, ?, ? )|INSERT INTO users  ( username, password, nickname, gender, role, title, create_time, modify_time, is_delete )  VALUES  ( 'admin', '123456', '哈哈哈', 1, 1, 1, '2021-03-01T18:47:03.356+0800', '2021-03-01T18:47:03.845+0800', 0 )
1614595783993|8|statement|connection 0|url jdbc:p6spy:mysql://localhost:3306/model?allowMultiQueries=true&useUnicode=true&characterEncoding=UTF-8&useSSL=false|INSERT INTO users  ( id, username, password, nickname, gender, role, title, create_time, modify_time, is_delete )  VALUES  ( ?, ?, ?, ?, ?, ?, ?, ?, ?, ? )|INSERT INTO users  ( id, username, password, nickname, gender, role, title, create_time, modify_time, is_delete )  VALUES  ( '526318763482681344', 'admin', '123456', '哈哈哈', 1, 1, 1, '2021-03-01T18:49:43.836+0800', '2021-03-01T18:49:43.836+0800', 0 )
1615170545798|99|statement|connection 0|url jdbc:p6spy:mysql://localhost:3306/model?allowMultiQueries=true&useUnicode=true&characterEncoding=UTF-8&useSSL=false|SELECT  id,name,age,gender,is_delete,version  FROM user   WHERE  is_delete=0|SELECT  id,name,age,gender,is_delete,version  FROM user   WHERE  is_delete=0
1615170730808|34|statement|connection 0|url jdbc:p6spy:mysql://localhost:3306/model?allowMultiQueries=true&useUnicode=true&characterEncoding=UTF-8&useSSL=false|SELECT  id,name,age,gender,is_delete  FROM user   WHERE  is_delete=0|SELECT  id,name,age,gender,is_delete  FROM user   WHERE  is_delete=0
1615171386661|5|statement|connection 0|url jdbc:p6spy:mysql://localhost:3306/model?allowMultiQueries=true&useUnicode=true&characterEncoding=UTF-8&useSSL=false|SELECT  id,name,age,gender,is_delete  FROM user   WHERE  is_delete=0|SELECT  id,name,age,gender,is_delete  FROM user   WHERE  is_delete=0
1615171822602|21|statement|connection 0|url jdbc:p6spy:mysql://localhost:3306/model?allowMultiQueries=true&useUnicode=true&characterEncoding=UTF-8&useSSL=false|SELECT  id,name,age,gender,is_delete  FROM user   WHERE  is_delete=0|SELECT  id,name,age,gender,is_delete  FROM user   WHERE  is_delete=0
1615171835744|2|statement|connection 0|url jdbc:p6spy:mysql://localhost:3306/model?allowMultiQueries=true&useUnicode=true&characterEncoding=UTF-8&useSSL=false|SELECT  id,name,age,gender,is_delete  FROM user   WHERE  is_delete=0|SELECT  id,name,age,gender,is_delete  FROM user   WHERE  is_delete=0
1616051267318|11|statement|connection 0|url jdbc:p6spy:mysql://localhost:3306/model?allowMultiQueries=true&useUnicode=true&characterEncoding=UTF-8&useSSL=false|INSERT INTO users  ( id, username, password, nickname, gender, role, title, create_time, modify_time, is_delete )  VALUES  ( ?, ?, ?, ?, ?, ?, ?, ?, ?, ? )|INSERT INTO users  ( id, username, password, nickname, gender, role, title, create_time, modify_time, is_delete )  VALUES  ( '532423510862204928', 'testUser', 'e10adc3949ba59abbe56e057f20f883e', 'hahaha', 1, 1, 1, '2021-03-18T15:07:47.166+0800', '2021-03-18T15:07:47.166+0800', 0 )
1616051743964|1285|statement|connection 0|url jdbc:p6spy:mysql://localhost:3306/model?allowMultiQueries=true&useUnicode=true&characterEncoding=UTF-8&useSSL=false|select * from users where username = ? and is_delete = 0|select * from users where username = 'testUser' and is_delete = 0
1616051783415|1|statement|connection 0|url jdbc:p6spy:mysql://localhost:3306/model?allowMultiQueries=true&useUnicode=true&characterEncoding=UTF-8&useSSL=false|select * from users where username = ? and is_delete = 0|select * from users where username = 'testUser' and is_delete = 0
1616051977807|5|statement|connection 0|url jdbc:p6spy:mysql://localhost:3306/model?allowMultiQueries=true&useUnicode=true&characterEncoding=UTF-8&useSSL=false|select * from users where username = ? and is_delete = 0|select * from users where username = 'testUser' and is_delete = 0
